17-Oct-2016 17:56:17.317 INFO [main] org.apache.catalina.startup.VersionLoggerListener.log Server version:        Apache Tomcat/9.0.0.M10
17-Oct-2016 17:56:17.318 INFO [main] org.apache.catalina.startup.VersionLoggerListener.log Server built:          Aug 31 2016 15:00:21 UTC
17-Oct-2016 17:56:17.319 INFO [main] org.apache.catalina.startup.VersionLoggerListener.log Server number:         9.0.0.0
17-Oct-2016 17:56:17.320 INFO [main] org.apache.catalina.startup.VersionLoggerListener.log OS Name:               Windows 10
17-Oct-2016 17:56:17.320 INFO [main] org.apache.catalina.startup.VersionLoggerListener.log OS Version:            10.0
17-Oct-2016 17:56:17.320 INFO [main] org.apache.catalina.startup.VersionLoggerListener.log Architecture:          amd64
17-Oct-2016 17:56:17.320 INFO [main] org.apache.catalina.startup.VersionLoggerListener.log Java Home:             C:\Program Files\Java\jdk1.8.0_101\jre
17-Oct-2016 17:56:17.320 INFO [main] org.apache.catalina.startup.VersionLoggerListener.log JVM Version:           1.8.0_101-b13
17-Oct-2016 17:56:17.320 INFO [main] org.apache.catalina.startup.VersionLoggerListener.log JVM Vendor:            Oracle Corporation
17-Oct-2016 17:56:17.321 INFO [main] org.apache.catalina.startup.VersionLoggerListener.log CATALINA_BASE:         C:\projectInteliJ\apache-tomcat-9.0.0.M10
17-Oct-2016 17:56:17.321 INFO [main] org.apache.catalina.startup.VersionLoggerListener.log CATALINA_HOME:         C:\projectInteliJ\apache-tomcat-9.0.0.M10
17-Oct-2016 17:56:17.321 INFO [main] org.apache.catalina.startup.VersionLoggerListener.log Command line argument: -Djdk.tls.ephemeralDHKeySize=2048
17-Oct-2016 17:56:17.321 INFO [main] org.apache.catalina.startup.VersionLoggerListener.log Command line argument: -Djava.util.logging.config.file=C:\projectInteliJ\apache-tomcat-9.0.0.M10\conf\logging.properties
17-Oct-2016 17:56:17.321 INFO [main] org.apache.catalina.startup.VersionLoggerListener.log Command line argument: -Djava.util.logging.manager=org.apache.juli.ClassLoaderLogManager
17-Oct-2016 17:56:17.321 INFO [main] org.apache.catalina.startup.VersionLoggerListener.log Command line argument: -Dcatalina.base=C:\projectInteliJ\apache-tomcat-9.0.0.M10
17-Oct-2016 17:56:17.322 INFO [main] org.apache.catalina.startup.VersionLoggerListener.log Command line argument: -Dcatalina.home=C:\projectInteliJ\apache-tomcat-9.0.0.M10
17-Oct-2016 17:56:17.322 INFO [main] org.apache.catalina.startup.VersionLoggerListener.log Command line argument: -Djava.io.tmpdir=C:\projectInteliJ\apache-tomcat-9.0.0.M10\temp
17-Oct-2016 17:56:17.323 INFO [main] org.apache.catalina.core.AprLifecycleListener.lifecycleEvent La biblioteca nativa de Apache Tomcat basada en ARP que permite un rendimiento óptimo en entornos de desarrollo no ha sido hallada en java.library.path: C:\Program Files\Java\jdk1.8.0_101\bin;C:\WINDOWS\Sun\Java\bin;C:\WINDOWS\system32;C:\WINDOWS;C:\ProgramData\Oracle\Java\javapath;C:\Program Files (x86)\Intel\iCLS Client\;C:\Program Files\Intel\iCLS Client\;C:\Windows\system32;C:\Windows;C:\Windows\System32\Wbem;C:\Windows\System32\WindowsPowerShell\v1.0\;C:\Program Files (x86)\Intel\Intel(R) Management Engine Components\DAL;C:\Program Files\Intel\Intel(R) Management Engine Components\DAL;C:\Program Files (x86)\Intel\Intel(R) Management Engine Components\IPT;C:\Program Files\Intel\Intel(R) Management Engine Components\IPT;C:\Program Files (x86)\NVIDIA Corporation\PhysX\Common;C:\Program Files\Intel\WiFi\bin\;C:\Program Files\Common Files\Intel\WirelessCommon\;C:\Program Files (x86)\Skype\Phone\;C:\Program Files\Git\cmd;C:\Program Files (x86)\QuickTime\QTSystem\;C:\WINDOWS\system32;C:\WINDOWS;C:\WINDOWS\System32\Wbem;C:\WINDOWS\System32\WindowsPowerShell\v1.0\;C:\Program Files\Java\jdk1.8.0_101\bin;C:\Program Files\MySQL\MySQL Utilities 1.6\;C:\Users\Usuario\AppData\Local\Microsoft\WindowsApps;;.
17-Oct-2016 17:56:17.729 INFO [main] org.apache.coyote.AbstractProtocol.init Initializing ProtocolHandler ["http-nio-8080"]
17-Oct-2016 17:56:17.890 INFO [main] org.apache.tomcat.util.net.NioSelectorPool.getSharedSelector Using a shared selector for servlet write/read
17-Oct-2016 17:56:17.892 INFO [main] org.apache.coyote.AbstractProtocol.init Initializing ProtocolHandler ["ajp-nio-8009"]
17-Oct-2016 17:56:17.894 INFO [main] org.apache.tomcat.util.net.NioSelectorPool.getSharedSelector Using a shared selector for servlet write/read
17-Oct-2016 17:56:17.894 INFO [main] org.apache.catalina.startup.Catalina.load Initialization processed in 921 ms
17-Oct-2016 17:56:17.921 INFO [main] org.apache.catalina.core.StandardService.startInternal Arrancando servicio Catalina
17-Oct-2016 17:56:17.921 INFO [main] org.apache.catalina.core.StandardEngine.startInternal Starting Servlet Engine: Apache Tomcat/9.0.0.M10
17-Oct-2016 17:56:17.946 INFO [localhost-startStop-1] org.apache.catalina.startup.HostConfig.deployWAR Despliegue del archivo C:\projectInteliJ\apache-tomcat-9.0.0.M10\webapps\axis2.war de la aplicación web
17-Oct-2016 17:56:22.298 INFO [localhost-startStop-1] org.apache.jasper.servlet.TldScanner.scanJars Al menos un JAR, que se ha explorado buscando TLDs, aún no contenía TLDs. Activar historial de depuración para este historiador para una completa lista de los JARs que fueron explorados y de los que nos se halló TLDs. Saltarse JARs no necesarios durante la exploración puede dar lugar a una mejora de tiempo significativa en el arranque y compilación de JSP .
17-Oct-2016 17:56:32.852 INFO [localhost-startStop-1] org.apache.catalina.startup.HostConfig.deployWAR Deployment of web application archive C:\projectInteliJ\apache-tomcat-9.0.0.M10\webapps\axis2.war has finished in 14.904 ms
17-Oct-2016 17:56:32.853 INFO [localhost-startStop-1] org.apache.catalina.startup.HostConfig.deployDirectory Despliegue del directorio C:\projectInteliJ\apache-tomcat-9.0.0.M10\webapps\docs de la aplicación web
17-Oct-2016 17:56:32.872 INFO [localhost-startStop-1] org.apache.catalina.startup.HostConfig.deployDirectory Deployment of web application directory C:\projectInteliJ\apache-tomcat-9.0.0.M10\webapps\docs has finished in 19 ms
17-Oct-2016 17:56:32.872 INFO [localhost-startStop-1] org.apache.catalina.startup.HostConfig.deployDirectory Despliegue del directorio C:\projectInteliJ\apache-tomcat-9.0.0.M10\webapps\examples de la aplicación web
17-Oct-2016 17:56:33.613 INFO [localhost-startStop-1] org.apache.catalina.startup.HostConfig.deployDirectory Deployment of web application directory C:\projectInteliJ\apache-tomcat-9.0.0.M10\webapps\examples has finished in 741 ms
17-Oct-2016 17:56:33.614 INFO [localhost-startStop-1] org.apache.catalina.startup.HostConfig.deployDirectory Despliegue del directorio C:\projectInteliJ\apache-tomcat-9.0.0.M10\webapps\host-manager de la aplicación web
17-Oct-2016 17:56:33.647 INFO [localhost-startStop-1] org.apache.catalina.startup.HostConfig.deployDirectory Deployment of web application directory C:\projectInteliJ\apache-tomcat-9.0.0.M10\webapps\host-manager has finished in 33 ms
17-Oct-2016 17:56:33.648 INFO [localhost-startStop-1] org.apache.catalina.startup.HostConfig.deployDirectory Despliegue del directorio C:\projectInteliJ\apache-tomcat-9.0.0.M10\webapps\manager de la aplicación web
17-Oct-2016 17:56:33.678 INFO [localhost-startStop-1] org.apache.catalina.startup.HostConfig.deployDirectory Deployment of web application directory C:\projectInteliJ\apache-tomcat-9.0.0.M10\webapps\manager has finished in 30 ms
17-Oct-2016 17:56:33.678 INFO [localhost-startStop-1] org.apache.catalina.startup.HostConfig.deployDirectory Despliegue del directorio C:\projectInteliJ\apache-tomcat-9.0.0.M10\webapps\ROOT de la aplicación web
17-Oct-2016 17:56:33.702 INFO [localhost-startStop-1] org.apache.catalina.startup.HostConfig.deployDirectory Deployment of web application directory C:\projectInteliJ\apache-tomcat-9.0.0.M10\webapps\ROOT has finished in 24 ms
17-Oct-2016 17:56:33.707 INFO [main] org.apache.coyote.AbstractProtocol.start Starting ProtocolHandler [http-nio-8080]
17-Oct-2016 17:56:33.712 INFO [main] org.apache.coyote.AbstractProtocol.start Starting ProtocolHandler [ajp-nio-8009]
17-Oct-2016 17:56:33.714 INFO [main] org.apache.catalina.startup.Catalina.start Server startup in 15819 ms
17-Oct-2016 17:58:31.210 INFO [main] org.apache.catalina.startup.VersionLoggerListener.log Server version:        Apache Tomcat/9.0.0.M10
17-Oct-2016 17:58:31.212 INFO [main] org.apache.catalina.startup.VersionLoggerListener.log Server built:          Aug 31 2016 15:00:21 UTC
17-Oct-2016 17:58:31.212 INFO [main] org.apache.catalina.startup.VersionLoggerListener.log Server number:         9.0.0.0
17-Oct-2016 17:58:31.212 INFO [main] org.apache.catalina.startup.VersionLoggerListener.log OS Name:               Windows 10
17-Oct-2016 17:58:31.212 INFO [main] org.apache.catalina.startup.VersionLoggerListener.log OS Version:            10.0
17-Oct-2016 17:58:31.212 INFO [main] org.apache.catalina.startup.VersionLoggerListener.log Architecture:          amd64
17-Oct-2016 17:58:31.215 INFO [main] org.apache.catalina.startup.VersionLoggerListener.log Java Home:             C:\Program Files\Java\jdk1.8.0_101\jre
17-Oct-2016 17:58:31.215 INFO [main] org.apache.catalina.startup.VersionLoggerListener.log JVM Version:           1.8.0_101-b13
17-Oct-2016 17:58:31.215 INFO [main] org.apache.catalina.startup.VersionLoggerListener.log JVM Vendor:            Oracle Corporation
17-Oct-2016 17:58:31.215 INFO [main] org.apache.catalina.startup.VersionLoggerListener.log CATALINA_BASE:         C:\projectInteliJ\apache-tomcat-9.0.0.M10
17-Oct-2016 17:58:31.215 INFO [main] org.apache.catalina.startup.VersionLoggerListener.log CATALINA_HOME:         C:\projectInteliJ\apache-tomcat-9.0.0.M10
17-Oct-2016 17:58:31.215 INFO [main] org.apache.catalina.startup.VersionLoggerListener.log Command line argument: -Djava.util.logging.config.file=C:/projectInteliJ/apache-tomcat-9.0.0.M10/conf/logging.properties
17-Oct-2016 17:58:31.215 INFO [main] org.apache.catalina.startup.VersionLoggerListener.log Command line argument: -Djava.util.logging.manager=org.apache.juli.ClassLoaderLogManager
17-Oct-2016 17:58:31.215 INFO [main] org.apache.catalina.startup.VersionLoggerListener.log Command line argument: -Djdk.tls.ephemeralDHKeySize=2048
17-Oct-2016 17:58:31.216 INFO [main] org.apache.catalina.startup.VersionLoggerListener.log Command line argument: -Dcatalina.base=C:/projectInteliJ/apache-tomcat-9.0.0.M10
17-Oct-2016 17:58:31.216 INFO [main] org.apache.catalina.startup.VersionLoggerListener.log Command line argument: -Dcatalina.home=C:/projectInteliJ/apache-tomcat-9.0.0.M10
17-Oct-2016 17:58:31.216 INFO [main] org.apache.catalina.startup.VersionLoggerListener.log Command line argument: -Djava.io.tmpdir=C:/projectInteliJ/apache-tomcat-9.0.0.M10/temp
17-Oct-2016 17:58:31.216 INFO [main] org.apache.catalina.core.AprLifecycleListener.lifecycleEvent La biblioteca nativa de Apache Tomcat basada en ARP que permite un rendimiento óptimo en entornos de desarrollo no ha sido hallada en java.library.path: C:\Program Files\Java\jdk1.8.0_101\bin;C:\WINDOWS\Sun\Java\bin;C:\WINDOWS\system32;C:\WINDOWS;C:\Users\Usuario\bin;C:\Program Files\Git\mingw64\bin;C:\Program Files\Git\usr\local\bin;C:\Program Files\Git\usr\bin;C:\Program Files\Git\usr\bin;C:\Program Files\Git\mingw64\bin;C:\Program Files\Git\usr\bin;C:\Users\Usuario\bin;C:\ProgramData\Oracle\Java\javapath;C:\Program Files (x86)\Intel\iCLS Client;C:\Program Files\Intel\iCLS Client;C:\Windows\system32;C:\Windows;C:\Windows\System32\Wbem;C:\Windows\System32\WindowsPowerShell\v1.0;C:\Program Files (x86)\Intel\Intel(R) Management Engine Components\DAL;C:\Program Files\Intel\Intel(R) Management Engine Components\DAL;C:\Program Files (x86)\Intel\Intel(R) Management Engine Components\IPT;C:\Program Files\Intel\Intel(R) Management Engine Components\IPT;C:\Program Files (x86)\NVIDIA Corporation\PhysX\Common;C:\Program Files\Intel\WiFi\bin;C:\Program Files\Common Files\Intel\WirelessCommon;C:\Program Files (x86)\Skype\Phone;C:\Program Files\Git\cmd;C:\Program Files (x86)\QuickTime\QTSystem;C:\WINDOWS\system32;C:\WINDOWS;C:\WINDOWS\System32\Wbem;C:\WINDOWS\System32\WindowsPowerShell\v1.0;C:\Program Files\Java\jdk1.8.0_101\bin;C:\Program Files\MySQL\MySQL Utilities 1.6;C:\Users\Usuario\AppData\Local\Microsoft\WindowsApps;C:\Program Files\Git\usr\bin\vendor_perl;C:\Program Files\Git\usr\bin\core_perl;.
17-Oct-2016 17:58:31.308 INFO [main] org.apache.coyote.AbstractProtocol.init Initializing ProtocolHandler ["http-nio-8080"]
17-Oct-2016 17:58:31.401 INFO [main] org.apache.tomcat.util.net.NioSelectorPool.getSharedSelector Using a shared selector for servlet write/read
17-Oct-2016 17:58:31.403 INFO [main] org.apache.coyote.AbstractProtocol.init Initializing ProtocolHandler ["ajp-nio-8009"]
17-Oct-2016 17:58:31.405 INFO [main] org.apache.tomcat.util.net.NioSelectorPool.getSharedSelector Using a shared selector for servlet write/read
17-Oct-2016 17:58:31.405 INFO [main] org.apache.catalina.startup.Catalina.load Initialization processed in 481 ms
17-Oct-2016 17:58:31.422 INFO [main] org.apache.catalina.core.StandardService.startInternal Arrancando servicio Catalina
17-Oct-2016 17:58:31.422 INFO [main] org.apache.catalina.core.StandardEngine.startInternal Starting Servlet Engine: Apache Tomcat/9.0.0.M10
17-Oct-2016 17:58:31.438 INFO [localhost-startStop-1] org.apache.catalina.startup.HostConfig.deployWAR Despliegue del archivo C:\projectInteliJ\apache-tomcat-9.0.0.M10\webapps\axis2.war de la aplicación web
17-Oct-2016 17:58:33.179 INFO [localhost-startStop-1] org.apache.jasper.servlet.TldScanner.scanJars Al menos un JAR, que se ha explorado buscando TLDs, aún no contenía TLDs. Activar historial de depuración para este historiador para una completa lista de los JARs que fueron explorados y de los que nos se halló TLDs. Saltarse JARs no necesarios durante la exploración puede dar lugar a una mejora de tiempo significativa en el arranque y compilación de JSP .
17-Oct-2016 17:58:34.469 INFO [localhost-startStop-1] org.apache.catalina.startup.HostConfig.deployWAR Deployment of web application archive C:\projectInteliJ\apache-tomcat-9.0.0.M10\webapps\axis2.war has finished in 3.030 ms
17-Oct-2016 17:58:34.470 INFO [localhost-startStop-1] org.apache.catalina.startup.HostConfig.deployDirectory Despliegue del directorio C:\projectInteliJ\apache-tomcat-9.0.0.M10\webapps\docs de la aplicación web
17-Oct-2016 17:58:34.482 INFO [localhost-startStop-1] org.apache.catalina.startup.HostConfig.deployDirectory Deployment of web application directory C:\projectInteliJ\apache-tomcat-9.0.0.M10\webapps\docs has finished in 12 ms
17-Oct-2016 17:58:34.482 INFO [localhost-startStop-1] org.apache.catalina.startup.HostConfig.deployDirectory Despliegue del directorio C:\projectInteliJ\apache-tomcat-9.0.0.M10\webapps\examples de la aplicación web
17-Oct-2016 17:58:34.717 INFO [localhost-startStop-1] org.apache.catalina.startup.HostConfig.deployDirectory Deployment of web application directory C:\projectInteliJ\apache-tomcat-9.0.0.M10\webapps\examples has finished in 235 ms
17-Oct-2016 17:58:34.718 INFO [localhost-startStop-1] org.apache.catalina.startup.HostConfig.deployDirectory Despliegue del directorio C:\projectInteliJ\apache-tomcat-9.0.0.M10\webapps\host-manager de la aplicación web
17-Oct-2016 17:58:34.748 INFO [localhost-startStop-1] org.apache.catalina.startup.HostConfig.deployDirectory Deployment of web application directory C:\projectInteliJ\apache-tomcat-9.0.0.M10\webapps\host-manager has finished in 29 ms
17-Oct-2016 17:58:34.748 INFO [localhost-startStop-1] org.apache.catalina.startup.HostConfig.deployDirectory Despliegue del directorio C:\projectInteliJ\apache-tomcat-9.0.0.M10\webapps\manager de la aplicación web
17-Oct-2016 17:58:34.771 INFO [localhost-startStop-1] org.apache.catalina.startup.HostConfig.deployDirectory Deployment of web application directory C:\projectInteliJ\apache-tomcat-9.0.0.M10\webapps\manager has finished in 23 ms
17-Oct-2016 17:58:34.771 INFO [localhost-startStop-1] org.apache.catalina.startup.HostConfig.deployDirectory Despliegue del directorio C:\projectInteliJ\apache-tomcat-9.0.0.M10\webapps\ROOT de la aplicación web
17-Oct-2016 17:58:34.789 INFO [localhost-startStop-1] org.apache.catalina.startup.HostConfig.deployDirectory Deployment of web application directory C:\projectInteliJ\apache-tomcat-9.0.0.M10\webapps\ROOT has finished in 18 ms
17-Oct-2016 17:58:34.792 INFO [main] org.apache.coyote.AbstractProtocol.start Starting ProtocolHandler [http-nio-8080]
17-Oct-2016 17:58:34.802 INFO [main] org.apache.coyote.AbstractProtocol.start Starting ProtocolHandler [ajp-nio-8009]
17-Oct-2016 17:58:34.804 INFO [main] org.apache.catalina.startup.Catalina.start Server startup in 3398 ms
17-Oct-2016 17:58:38.117 INFO [main] org.apache.catalina.startup.VersionLoggerListener.log Server version:        Apache Tomcat/9.0.0.M10
17-Oct-2016 17:58:38.118 INFO [main] org.apache.catalina.startup.VersionLoggerListener.log Server built:          Aug 31 2016 15:00:21 UTC
17-Oct-2016 17:58:38.118 INFO [main] org.apache.catalina.startup.VersionLoggerListener.log Server number:         9.0.0.0
17-Oct-2016 17:58:38.118 INFO [main] org.apache.catalina.startup.VersionLoggerListener.log OS Name:               Windows 10
17-Oct-2016 17:58:38.119 INFO [main] org.apache.catalina.startup.VersionLoggerListener.log OS Version:            10.0
17-Oct-2016 17:58:38.119 INFO [main] org.apache.catalina.startup.VersionLoggerListener.log Architecture:          amd64
17-Oct-2016 17:58:38.119 INFO [main] org.apache.catalina.startup.VersionLoggerListener.log Java Home:             C:\Program Files\Java\jdk1.8.0_101\jre
17-Oct-2016 17:58:38.119 INFO [main] org.apache.catalina.startup.VersionLoggerListener.log JVM Version:           1.8.0_101-b13
17-Oct-2016 17:58:38.119 INFO [main] org.apache.catalina.startup.VersionLoggerListener.log JVM Vendor:            Oracle Corporation
17-Oct-2016 17:58:38.119 INFO [main] org.apache.catalina.startup.VersionLoggerListener.log CATALINA_BASE:         C:\projectInteliJ\apache-tomcat-9.0.0.M10
17-Oct-2016 17:58:38.119 INFO [main] org.apache.catalina.startup.VersionLoggerListener.log CATALINA_HOME:         C:\projectInteliJ\apache-tomcat-9.0.0.M10
17-Oct-2016 17:58:38.119 INFO [main] org.apache.catalina.startup.VersionLoggerListener.log Command line argument: -Djdk.tls.ephemeralDHKeySize=2048
17-Oct-2016 17:58:38.119 INFO [main] org.apache.catalina.startup.VersionLoggerListener.log Command line argument: -Djava.util.logging.config.file=C:\projectInteliJ\apache-tomcat-9.0.0.M10\conf\logging.properties
17-Oct-2016 17:58:38.120 INFO [main] org.apache.catalina.startup.VersionLoggerListener.log Command line argument: -Djava.util.logging.manager=org.apache.juli.ClassLoaderLogManager
17-Oct-2016 17:58:38.120 INFO [main] org.apache.catalina.startup.VersionLoggerListener.log Command line argument: -Dcatalina.base=C:\projectInteliJ\apache-tomcat-9.0.0.M10
17-Oct-2016 17:58:38.120 INFO [main] org.apache.catalina.startup.VersionLoggerListener.log Command line argument: -Dcatalina.home=C:\projectInteliJ\apache-tomcat-9.0.0.M10
17-Oct-2016 17:58:38.120 INFO [main] org.apache.catalina.startup.VersionLoggerListener.log Command line argument: -Djava.io.tmpdir=C:\projectInteliJ\apache-tomcat-9.0.0.M10\temp
17-Oct-2016 17:58:38.121 INFO [main] org.apache.catalina.core.AprLifecycleListener.lifecycleEvent La biblioteca nativa de Apache Tomcat basada en ARP que permite un rendimiento óptimo en entornos de desarrollo no ha sido hallada en java.library.path: C:\Program Files\Java\jdk1.8.0_101\bin;C:\WINDOWS\Sun\Java\bin;C:\WINDOWS\system32;C:\WINDOWS;C:\ProgramData\Oracle\Java\javapath;C:\Program Files (x86)\Intel\iCLS Client\;C:\Program Files\Intel\iCLS Client\;C:\Windows\system32;C:\Windows;C:\Windows\System32\Wbem;C:\Windows\System32\WindowsPowerShell\v1.0\;C:\Program Files (x86)\Intel\Intel(R) Management Engine Components\DAL;C:\Program Files\Intel\Intel(R) Management Engine Components\DAL;C:\Program Files (x86)\Intel\Intel(R) Management Engine Components\IPT;C:\Program Files\Intel\Intel(R) Management Engine Components\IPT;C:\Program Files (x86)\NVIDIA Corporation\PhysX\Common;C:\Program Files\Intel\WiFi\bin\;C:\Program Files\Common Files\Intel\WirelessCommon\;C:\Program Files (x86)\Skype\Phone\;C:\Program Files\Git\cmd;C:\Program Files (x86)\QuickTime\QTSystem\;C:\WINDOWS\system32;C:\WINDOWS;C:\WINDOWS\System32\Wbem;C:\WINDOWS\System32\WindowsPowerShell\v1.0\;C:\Program Files\Java\jdk1.8.0_101\bin;C:\Program Files\MySQL\MySQL Utilities 1.6\;C:\Users\Usuario\AppData\Local\Microsoft\WindowsApps;;.
17-Oct-2016 17:58:38.217 INFO [main] org.apache.coyote.AbstractProtocol.init Initializing ProtocolHandler ["http-nio-8080"]
17-Oct-2016 17:58:38.316 INFO [main] org.apache.tomcat.util.net.NioSelectorPool.getSharedSelector Using a shared selector for servlet write/read
17-Oct-2016 17:58:38.319 INFO [main] org.apache.coyote.AbstractProtocol.init Initializing ProtocolHandler ["ajp-nio-8009"]
17-Oct-2016 17:58:38.320 INFO [main] org.apache.tomcat.util.net.NioSelectorPool.getSharedSelector Using a shared selector for servlet write/read
17-Oct-2016 17:58:38.321 INFO [main] org.apache.catalina.startup.Catalina.load Initialization processed in 481 ms
17-Oct-2016 17:58:38.339 INFO [main] org.apache.catalina.core.StandardService.startInternal Arrancando servicio Catalina
17-Oct-2016 17:58:38.339 INFO [main] org.apache.catalina.core.StandardEngine.startInternal Starting Servlet Engine: Apache Tomcat/9.0.0.M10
17-Oct-2016 17:58:38.357 INFO [localhost-startStop-1] org.apache.catalina.startup.HostConfig.deployWAR Despliegue del archivo C:\projectInteliJ\apache-tomcat-9.0.0.M10\webapps\axis2.war de la aplicación web
17-Oct-2016 17:58:40.104 INFO [localhost-startStop-1] org.apache.jasper.servlet.TldScanner.scanJars Al menos un JAR, que se ha explorado buscando TLDs, aún no contenía TLDs. Activar historial de depuración para este historiador para una completa lista de los JARs que fueron explorados y de los que nos se halló TLDs. Saltarse JARs no necesarios durante la exploración puede dar lugar a una mejora de tiempo significativa en el arranque y compilación de JSP .
17-Oct-2016 17:58:41.383 INFO [localhost-startStop-1] org.apache.catalina.startup.HostConfig.deployWAR Deployment of web application archive C:\projectInteliJ\apache-tomcat-9.0.0.M10\webapps\axis2.war has finished in 3.025 ms
17-Oct-2016 17:58:41.384 INFO [localhost-startStop-1] org.apache.catalina.startup.HostConfig.deployDirectory Despliegue del directorio C:\projectInteliJ\apache-tomcat-9.0.0.M10\webapps\docs de la aplicación web
17-Oct-2016 17:58:41.398 INFO [localhost-startStop-1] org.apache.catalina.startup.HostConfig.deployDirectory Deployment of web application directory C:\projectInteliJ\apache-tomcat-9.0.0.M10\webapps\docs has finished in 14 ms
17-Oct-2016 17:58:41.398 INFO [localhost-startStop-1] org.apache.catalina.startup.HostConfig.deployDirectory Despliegue del directorio C:\projectInteliJ\apache-tomcat-9.0.0.M10\webapps\examples de la aplicación web
17-Oct-2016 17:58:41.570 INFO [localhost-startStop-1] org.apache.catalina.startup.HostConfig.deployDirectory Deployment of web application directory C:\projectInteliJ\apache-tomcat-9.0.0.M10\webapps\examples has finished in 172 ms
17-Oct-2016 17:58:41.570 INFO [localhost-startStop-1] org.apache.catalina.startup.HostConfig.deployDirectory Despliegue del directorio C:\projectInteliJ\apache-tomcat-9.0.0.M10\webapps\host-manager de la aplicación web
17-Oct-2016 17:58:41.592 INFO [localhost-startStop-1] org.apache.catalina.startup.HostConfig.deployDirectory Deployment of web application directory C:\projectInteliJ\apache-tomcat-9.0.0.M10\webapps\host-manager has finished in 22 ms
17-Oct-2016 17:58:41.592 INFO [localhost-startStop-1] org.apache.catalina.startup.HostConfig.deployDirectory Despliegue del directorio C:\projectInteliJ\apache-tomcat-9.0.0.M10\webapps\manager de la aplicación web
17-Oct-2016 17:58:41.616 INFO [localhost-startStop-1] org.apache.catalina.startup.HostConfig.deployDirectory Deployment of web application directory C:\projectInteliJ\apache-tomcat-9.0.0.M10\webapps\manager has finished in 24 ms
17-Oct-2016 17:58:41.617 INFO [localhost-startStop-1] org.apache.catalina.startup.HostConfig.deployDirectory Despliegue del directorio C:\projectInteliJ\apache-tomcat-9.0.0.M10\webapps\ROOT de la aplicación web
17-Oct-2016 17:58:41.634 INFO [localhost-startStop-1] org.apache.catalina.startup.HostConfig.deployDirectory Deployment of web application directory C:\projectInteliJ\apache-tomcat-9.0.0.M10\webapps\ROOT has finished in 18 ms
17-Oct-2016 17:58:41.637 INFO [main] org.apache.coyote.AbstractProtocol.start Starting ProtocolHandler [http-nio-8080]
17-Oct-2016 17:58:41.643 INFO [main] org.apache.coyote.AbstractProtocol.start Starting ProtocolHandler [ajp-nio-8009]
17-Oct-2016 17:58:41.644 INFO [main] org.apache.catalina.startup.Catalina.start Server startup in 3322 ms
17-Oct-2016 18:00:00.625 INFO [main] org.apache.catalina.startup.VersionLoggerListener.log Server version:        Apache Tomcat/9.0.0.M10
17-Oct-2016 18:00:00.626 INFO [main] org.apache.catalina.startup.VersionLoggerListener.log Server built:          Aug 31 2016 15:00:21 UTC
17-Oct-2016 18:00:00.627 INFO [main] org.apache.catalina.startup.VersionLoggerListener.log Server number:         9.0.0.0
17-Oct-2016 18:00:00.627 INFO [main] org.apache.catalina.startup.VersionLoggerListener.log OS Name:               Windows 10
17-Oct-2016 18:00:00.627 INFO [main] org.apache.catalina.startup.VersionLoggerListener.log OS Version:            10.0
17-Oct-2016 18:00:00.627 INFO [main] org.apache.catalina.startup.VersionLoggerListener.log Architecture:          amd64
17-Oct-2016 18:00:00.628 INFO [main] org.apache.catalina.startup.VersionLoggerListener.log Java Home:             C:\Program Files\Java\jdk1.8.0_101\jre
17-Oct-2016 18:00:00.628 INFO [main] org.apache.catalina.startup.VersionLoggerListener.log JVM Version:           1.8.0_101-b13
17-Oct-2016 18:00:00.628 INFO [main] org.apache.catalina.startup.VersionLoggerListener.log JVM Vendor:            Oracle Corporation
17-Oct-2016 18:00:00.628 INFO [main] org.apache.catalina.startup.VersionLoggerListener.log CATALINA_BASE:         C:\projectInteliJ\apache-tomcat-9.0.0.M10
17-Oct-2016 18:00:00.628 INFO [main] org.apache.catalina.startup.VersionLoggerListener.log CATALINA_HOME:         C:\projectInteliJ\apache-tomcat-9.0.0.M10
17-Oct-2016 18:00:00.628 INFO [main] org.apache.catalina.startup.VersionLoggerListener.log Command line argument: -Djdk.tls.ephemeralDHKeySize=2048
17-Oct-2016 18:00:00.629 INFO [main] org.apache.catalina.startup.VersionLoggerListener.log Command line argument: -Djava.util.logging.config.file=C:\projectInteliJ\apache-tomcat-9.0.0.M10\conf\logging.properties
17-Oct-2016 18:00:00.629 INFO [main] org.apache.catalina.startup.VersionLoggerListener.log Command line argument: -Djava.util.logging.manager=org.apache.juli.ClassLoaderLogManager
17-Oct-2016 18:00:00.629 INFO [main] org.apache.catalina.startup.VersionLoggerListener.log Command line argument: -Dcatalina.base=C:\projectInteliJ\apache-tomcat-9.0.0.M10
17-Oct-2016 18:00:00.629 INFO [main] org.apache.catalina.startup.VersionLoggerListener.log Command line argument: -Dcatalina.home=C:\projectInteliJ\apache-tomcat-9.0.0.M10
17-Oct-2016 18:00:00.629 INFO [main] org.apache.catalina.startup.VersionLoggerListener.log Command line argument: -Djava.io.tmpdir=C:\projectInteliJ\apache-tomcat-9.0.0.M10\temp
17-Oct-2016 18:00:00.630 INFO [main] org.apache.catalina.core.AprLifecycleListener.lifecycleEvent La biblioteca nativa de Apache Tomcat basada en ARP que permite un rendimiento óptimo en entornos de desarrollo no ha sido hallada en java.library.path: C:\Program Files\Java\jdk1.8.0_101\bin;C:\WINDOWS\Sun\Java\bin;C:\WINDOWS\system32;C:\WINDOWS;C:\ProgramData\Oracle\Java\javapath;C:\Program Files (x86)\Intel\iCLS Client\;C:\Program Files\Intel\iCLS Client\;C:\Windows\system32;C:\Windows;C:\Windows\System32\Wbem;C:\Windows\System32\WindowsPowerShell\v1.0\;C:\Program Files (x86)\Intel\Intel(R) Management Engine Components\DAL;C:\Program Files\Intel\Intel(R) Management Engine Components\DAL;C:\Program Files (x86)\Intel\Intel(R) Management Engine Components\IPT;C:\Program Files\Intel\Intel(R) Management Engine Components\IPT;C:\Program Files (x86)\NVIDIA Corporation\PhysX\Common;C:\Program Files\Intel\WiFi\bin\;C:\Program Files\Common Files\Intel\WirelessCommon\;C:\Program Files (x86)\Skype\Phone\;C:\Program Files\Git\cmd;C:\Program Files (x86)\QuickTime\QTSystem\;C:\WINDOWS\system32;C:\WINDOWS;C:\WINDOWS\System32\Wbem;C:\WINDOWS\System32\WindowsPowerShell\v1.0\;C:\Program Files\Java\jdk1.8.0_101\bin;C:\Program Files\MySQL\MySQL Utilities 1.6\;C:\Users\Usuario\AppData\Local\Microsoft\WindowsApps;;.
17-Oct-2016 18:00:00.734 INFO [main] org.apache.coyote.AbstractProtocol.init Initializing ProtocolHandler ["http-nio-8080"]
17-Oct-2016 18:00:00.831 INFO [main] org.apache.tomcat.util.net.NioSelectorPool.getSharedSelector Using a shared selector for servlet write/read
17-Oct-2016 18:00:00.833 INFO [main] org.apache.coyote.AbstractProtocol.init Initializing ProtocolHandler ["ajp-nio-8009"]
17-Oct-2016 18:00:00.835 INFO [main] org.apache.tomcat.util.net.NioSelectorPool.getSharedSelector Using a shared selector for servlet write/read
17-Oct-2016 18:00:00.836 INFO [main] org.apache.catalina.startup.Catalina.load Initialization processed in 488 ms
17-Oct-2016 18:00:00.854 INFO [main] org.apache.catalina.core.StandardService.startInternal Arrancando servicio Catalina
17-Oct-2016 18:00:00.854 INFO [main] org.apache.catalina.core.StandardEngine.startInternal Starting Servlet Engine: Apache Tomcat/9.0.0.M10
17-Oct-2016 18:00:00.873 INFO [localhost-startStop-1] org.apache.catalina.startup.HostConfig.deployWAR Despliegue del archivo C:\projectInteliJ\apache-tomcat-9.0.0.M10\webapps\axis2.war de la aplicación web
17-Oct-2016 18:00:02.554 INFO [localhost-startStop-1] org.apache.jasper.servlet.TldScanner.scanJars Al menos un JAR, que se ha explorado buscando TLDs, aún no contenía TLDs. Activar historial de depuración para este historiador para una completa lista de los JARs que fueron explorados y de los que nos se halló TLDs. Saltarse JARs no necesarios durante la exploración puede dar lugar a una mejora de tiempo significativa en el arranque y compilación de JSP .
17-Oct-2016 18:00:03.854 INFO [localhost-startStop-1] org.apache.catalina.startup.HostConfig.deployWAR Deployment of web application archive C:\projectInteliJ\apache-tomcat-9.0.0.M10\webapps\axis2.war has finished in 2.980 ms
17-Oct-2016 18:00:03.855 INFO [localhost-startStop-1] org.apache.catalina.startup.HostConfig.deployDirectory Despliegue del directorio C:\projectInteliJ\apache-tomcat-9.0.0.M10\webapps\docs de la aplicación web
17-Oct-2016 18:00:03.869 INFO [localhost-startStop-1] org.apache.catalina.startup.HostConfig.deployDirectory Deployment of web application directory C:\projectInteliJ\apache-tomcat-9.0.0.M10\webapps\docs has finished in 14 ms
17-Oct-2016 18:00:03.869 INFO [localhost-startStop-1] org.apache.catalina.startup.HostConfig.deployDirectory Despliegue del directorio C:\projectInteliJ\apache-tomcat-9.0.0.M10\webapps\examples de la aplicación web
17-Oct-2016 18:00:04.045 INFO [localhost-startStop-1] org.apache.catalina.startup.HostConfig.deployDirectory Deployment of web application directory C:\projectInteliJ\apache-tomcat-9.0.0.M10\webapps\examples has finished in 176 ms
17-Oct-2016 18:00:04.045 INFO [localhost-startStop-1] org.apache.catalina.startup.HostConfig.deployDirectory Despliegue del directorio C:\projectInteliJ\apache-tomcat-9.0.0.M10\webapps\host-manager de la aplicación web
17-Oct-2016 18:00:04.070 INFO [localhost-startStop-1] org.apache.catalina.startup.HostConfig.deployDirectory Deployment of web application directory C:\projectInteliJ\apache-tomcat-9.0.0.M10\webapps\host-manager has finished in 25 ms
17-Oct-2016 18:00:04.070 INFO [localhost-startStop-1] org.apache.catalina.startup.HostConfig.deployDirectory Despliegue del directorio C:\projectInteliJ\apache-tomcat-9.0.0.M10\webapps\manager de la aplicación web
17-Oct-2016 18:00:04.090 INFO [localhost-startStop-1] org.apache.catalina.startup.HostConfig.deployDirectory Deployment of web application directory C:\projectInteliJ\apache-tomcat-9.0.0.M10\webapps\manager has finished in 20 ms
17-Oct-2016 18:00:04.091 INFO [localhost-startStop-1] org.apache.catalina.startup.HostConfig.deployDirectory Despliegue del directorio C:\projectInteliJ\apache-tomcat-9.0.0.M10\webapps\ROOT de la aplicación web
17-Oct-2016 18:00:04.105 INFO [localhost-startStop-1] org.apache.catalina.startup.HostConfig.deployDirectory Deployment of web application directory C:\projectInteliJ\apache-tomcat-9.0.0.M10\webapps\ROOT has finished in 14 ms
17-Oct-2016 18:00:04.107 INFO [main] org.apache.coyote.AbstractProtocol.start Starting ProtocolHandler [http-nio-8080]
17-Oct-2016 18:00:04.113 INFO [main] org.apache.coyote.AbstractProtocol.start Starting ProtocolHandler [ajp-nio-8009]
17-Oct-2016 18:00:04.115 INFO [main] org.apache.catalina.startup.Catalina.start Server startup in 3278 ms
