09-Oct-2016 19:04:02.947 INFO [main] org.apache.catalina.startup.VersionLoggerListener.log Server version:        Apache Tomcat/9.0.0.M10
09-Oct-2016 19:04:02.948 INFO [main] org.apache.catalina.startup.VersionLoggerListener.log Server built:          Aug 31 2016 15:00:21 UTC
09-Oct-2016 19:04:02.949 INFO [main] org.apache.catalina.startup.VersionLoggerListener.log Server number:         9.0.0.0
09-Oct-2016 19:04:02.949 INFO [main] org.apache.catalina.startup.VersionLoggerListener.log OS Name:               Windows 10
09-Oct-2016 19:04:02.949 INFO [main] org.apache.catalina.startup.VersionLoggerListener.log OS Version:            10.0
09-Oct-2016 19:04:02.949 INFO [main] org.apache.catalina.startup.VersionLoggerListener.log Architecture:          amd64
09-Oct-2016 19:04:02.949 INFO [main] org.apache.catalina.startup.VersionLoggerListener.log Java Home:             C:\Program Files\Java\jdk1.8.0_101\jre
09-Oct-2016 19:04:02.949 INFO [main] org.apache.catalina.startup.VersionLoggerListener.log JVM Version:           1.8.0_101-b13
09-Oct-2016 19:04:02.949 INFO [main] org.apache.catalina.startup.VersionLoggerListener.log JVM Vendor:            Oracle Corporation
09-Oct-2016 19:04:02.950 INFO [main] org.apache.catalina.startup.VersionLoggerListener.log CATALINA_BASE:         C:\projectInteliJ\apache-tomcat-9.0.0.M10
09-Oct-2016 19:04:02.950 INFO [main] org.apache.catalina.startup.VersionLoggerListener.log CATALINA_HOME:         C:\projectInteliJ\apache-tomcat-9.0.0.M10
09-Oct-2016 19:04:02.950 INFO [main] org.apache.catalina.startup.VersionLoggerListener.log Command line argument: -Djdk.tls.ephemeralDHKeySize=2048
09-Oct-2016 19:04:02.950 INFO [main] org.apache.catalina.startup.VersionLoggerListener.log Command line argument: -Djava.util.logging.config.file=C:\projectInteliJ\apache-tomcat-9.0.0.M10\conf\logging.properties
09-Oct-2016 19:04:02.950 INFO [main] org.apache.catalina.startup.VersionLoggerListener.log Command line argument: -Djava.util.logging.manager=org.apache.juli.ClassLoaderLogManager
09-Oct-2016 19:04:02.950 INFO [main] org.apache.catalina.startup.VersionLoggerListener.log Command line argument: -Dcatalina.base=C:\projectInteliJ\apache-tomcat-9.0.0.M10
09-Oct-2016 19:04:02.950 INFO [main] org.apache.catalina.startup.VersionLoggerListener.log Command line argument: -Dcatalina.home=C:\projectInteliJ\apache-tomcat-9.0.0.M10
09-Oct-2016 19:04:02.951 INFO [main] org.apache.catalina.startup.VersionLoggerListener.log Command line argument: -Djava.io.tmpdir=C:\projectInteliJ\apache-tomcat-9.0.0.M10\temp
09-Oct-2016 19:04:02.951 INFO [main] org.apache.catalina.core.AprLifecycleListener.lifecycleEvent La biblioteca nativa de Apache Tomcat basada en ARP que permite un rendimiento óptimo en entornos de desarrollo no ha sido hallada en java.library.path: C:\Program Files\Java\jdk1.8.0_101\bin;C:\WINDOWS\Sun\Java\bin;C:\WINDOWS\system32;C:\WINDOWS;C:\ProgramData\Oracle\Java\javapath;C:\Program Files (x86)\Intel\iCLS Client\;C:\Program Files\Intel\iCLS Client\;C:\Windows\system32;C:\Windows;C:\Windows\System32\Wbem;C:\Windows\System32\WindowsPowerShell\v1.0\;C:\Program Files (x86)\Intel\Intel(R) Management Engine Components\DAL;C:\Program Files\Intel\Intel(R) Management Engine Components\DAL;C:\Program Files (x86)\Intel\Intel(R) Management Engine Components\IPT;C:\Program Files\Intel\Intel(R) Management Engine Components\IPT;C:\Program Files (x86)\NVIDIA Corporation\PhysX\Common;C:\Program Files\Intel\WiFi\bin\;C:\Program Files\Common Files\Intel\WirelessCommon\;C:\Program Files (x86)\Skype\Phone\;C:\Program Files\Git\cmd;C:\Program Files (x86)\QuickTime\QTSystem\;C:\WINDOWS\system32;C:\WINDOWS;C:\WINDOWS\System32\Wbem;C:\WINDOWS\System32\WindowsPowerShell\v1.0\;C:\Program Files\Java\jdk1.8.0_101\bin;C:\Program Files\MySQL\MySQL Utilities 1.6\;C:\Users\Usuario\AppData\Local\Microsoft\WindowsApps;;.
09-Oct-2016 19:04:03.263 INFO [main] org.apache.coyote.AbstractProtocol.init Initializing ProtocolHandler ["http-nio-8080"]
09-Oct-2016 19:04:03.361 INFO [main] org.apache.tomcat.util.net.NioSelectorPool.getSharedSelector Using a shared selector for servlet write/read
09-Oct-2016 19:04:03.364 INFO [main] org.apache.coyote.AbstractProtocol.init Initializing ProtocolHandler ["ajp-nio-8009"]
09-Oct-2016 19:04:03.366 INFO [main] org.apache.tomcat.util.net.NioSelectorPool.getSharedSelector Using a shared selector for servlet write/read
09-Oct-2016 19:04:03.367 INFO [main] org.apache.catalina.startup.Catalina.load Initialization processed in 712 ms
09-Oct-2016 19:04:03.396 INFO [main] org.apache.catalina.core.StandardService.startInternal Arrancando servicio Catalina
09-Oct-2016 19:04:03.396 INFO [main] org.apache.catalina.core.StandardEngine.startInternal Starting Servlet Engine: Apache Tomcat/9.0.0.M10
09-Oct-2016 19:04:03.417 INFO [localhost-startStop-1] org.apache.catalina.startup.HostConfig.deployWAR Despliegue del archivo C:\projectInteliJ\apache-tomcat-9.0.0.M10\webapps\axis2.war de la aplicación web
09-Oct-2016 19:04:06.263 INFO [localhost-startStop-1] org.apache.jasper.servlet.TldScanner.scanJars Al menos un JAR, que se ha explorado buscando TLDs, aún no contenía TLDs. Activar historial de depuración para este historiador para una completa lista de los JARs que fueron explorados y de los que nos se halló TLDs. Saltarse JARs no necesarios durante la exploración puede dar lugar a una mejora de tiempo significativa en el arranque y compilación de JSP .
09-Oct-2016 19:04:08.195 INFO [localhost-startStop-1] org.apache.catalina.startup.HostConfig.deployWAR Deployment of web application archive C:\projectInteliJ\apache-tomcat-9.0.0.M10\webapps\axis2.war has finished in 4.777 ms
09-Oct-2016 19:04:08.196 INFO [localhost-startStop-1] org.apache.catalina.startup.HostConfig.deployDirectory Despliegue del directorio C:\projectInteliJ\apache-tomcat-9.0.0.M10\webapps\docs de la aplicación web
09-Oct-2016 19:04:08.216 INFO [localhost-startStop-1] org.apache.catalina.startup.HostConfig.deployDirectory Deployment of web application directory C:\projectInteliJ\apache-tomcat-9.0.0.M10\webapps\docs has finished in 20 ms
09-Oct-2016 19:04:08.217 INFO [localhost-startStop-1] org.apache.catalina.startup.HostConfig.deployDirectory Despliegue del directorio C:\projectInteliJ\apache-tomcat-9.0.0.M10\webapps\examples de la aplicación web
09-Oct-2016 19:04:08.944 INFO [localhost-startStop-1] org.apache.catalina.startup.HostConfig.deployDirectory Deployment of web application directory C:\projectInteliJ\apache-tomcat-9.0.0.M10\webapps\examples has finished in 728 ms
09-Oct-2016 19:04:08.944 INFO [localhost-startStop-1] org.apache.catalina.startup.HostConfig.deployDirectory Despliegue del directorio C:\projectInteliJ\apache-tomcat-9.0.0.M10\webapps\host-manager de la aplicación web
09-Oct-2016 19:04:08.977 INFO [localhost-startStop-1] org.apache.catalina.startup.HostConfig.deployDirectory Deployment of web application directory C:\projectInteliJ\apache-tomcat-9.0.0.M10\webapps\host-manager has finished in 33 ms
09-Oct-2016 19:04:08.978 INFO [localhost-startStop-1] org.apache.catalina.startup.HostConfig.deployDirectory Despliegue del directorio C:\projectInteliJ\apache-tomcat-9.0.0.M10\webapps\manager de la aplicación web
09-Oct-2016 19:04:09.008 INFO [localhost-startStop-1] org.apache.catalina.startup.HostConfig.deployDirectory Deployment of web application directory C:\projectInteliJ\apache-tomcat-9.0.0.M10\webapps\manager has finished in 29 ms
09-Oct-2016 19:04:09.008 INFO [localhost-startStop-1] org.apache.catalina.startup.HostConfig.deployDirectory Despliegue del directorio C:\projectInteliJ\apache-tomcat-9.0.0.M10\webapps\ROOT de la aplicación web
09-Oct-2016 19:04:09.029 INFO [localhost-startStop-1] org.apache.catalina.startup.HostConfig.deployDirectory Deployment of web application directory C:\projectInteliJ\apache-tomcat-9.0.0.M10\webapps\ROOT has finished in 21 ms
09-Oct-2016 19:04:09.034 INFO [main] org.apache.coyote.AbstractProtocol.start Starting ProtocolHandler [http-nio-8080]
09-Oct-2016 19:04:09.041 INFO [main] org.apache.coyote.AbstractProtocol.start Starting ProtocolHandler [ajp-nio-8009]
09-Oct-2016 19:04:09.044 INFO [main] org.apache.catalina.startup.Catalina.start Server startup in 5676 ms
