27-Oct-2016 17:05:21.217 INFO [main] org.apache.catalina.startup.VersionLoggerListener.log Server version:        Apache Tomcat/9.0.0.M10
27-Oct-2016 17:05:21.218 INFO [main] org.apache.catalina.startup.VersionLoggerListener.log Server built:          Aug 31 2016 15:00:21 UTC
27-Oct-2016 17:05:21.219 INFO [main] org.apache.catalina.startup.VersionLoggerListener.log Server number:         9.0.0.0
27-Oct-2016 17:05:21.219 INFO [main] org.apache.catalina.startup.VersionLoggerListener.log OS Name:               Windows 10
27-Oct-2016 17:05:21.220 INFO [main] org.apache.catalina.startup.VersionLoggerListener.log OS Version:            10.0
27-Oct-2016 17:05:21.220 INFO [main] org.apache.catalina.startup.VersionLoggerListener.log Architecture:          amd64
27-Oct-2016 17:05:21.220 INFO [main] org.apache.catalina.startup.VersionLoggerListener.log Java Home:             C:\Program Files\Java\jdk1.8.0_101\jre
27-Oct-2016 17:05:21.220 INFO [main] org.apache.catalina.startup.VersionLoggerListener.log JVM Version:           1.8.0_101-b13
27-Oct-2016 17:05:21.220 INFO [main] org.apache.catalina.startup.VersionLoggerListener.log JVM Vendor:            Oracle Corporation
27-Oct-2016 17:05:21.220 INFO [main] org.apache.catalina.startup.VersionLoggerListener.log CATALINA_BASE:         C:\projectInteliJ\apache-tomcat-9.0.0.M10
27-Oct-2016 17:05:21.220 INFO [main] org.apache.catalina.startup.VersionLoggerListener.log CATALINA_HOME:         C:\projectInteliJ\apache-tomcat-9.0.0.M10
27-Oct-2016 17:05:21.220 INFO [main] org.apache.catalina.startup.VersionLoggerListener.log Command line argument: -Djdk.tls.ephemeralDHKeySize=2048
27-Oct-2016 17:05:21.221 INFO [main] org.apache.catalina.startup.VersionLoggerListener.log Command line argument: -Djava.util.logging.config.file=C:\projectInteliJ\apache-tomcat-9.0.0.M10\conf\logging.properties
27-Oct-2016 17:05:21.221 INFO [main] org.apache.catalina.startup.VersionLoggerListener.log Command line argument: -Djava.util.logging.manager=org.apache.juli.ClassLoaderLogManager
27-Oct-2016 17:05:21.221 INFO [main] org.apache.catalina.startup.VersionLoggerListener.log Command line argument: -Dcatalina.base=C:\projectInteliJ\apache-tomcat-9.0.0.M10
27-Oct-2016 17:05:21.221 INFO [main] org.apache.catalina.startup.VersionLoggerListener.log Command line argument: -Dcatalina.home=C:\projectInteliJ\apache-tomcat-9.0.0.M10
27-Oct-2016 17:05:21.221 INFO [main] org.apache.catalina.startup.VersionLoggerListener.log Command line argument: -Djava.io.tmpdir=C:\projectInteliJ\apache-tomcat-9.0.0.M10\temp
27-Oct-2016 17:05:21.223 INFO [main] org.apache.catalina.core.AprLifecycleListener.lifecycleEvent La biblioteca nativa de Apache Tomcat basada en ARP que permite un rendimiento óptimo en entornos de desarrollo no ha sido hallada en java.library.path: C:\Program Files\Java\jdk1.8.0_101\bin;C:\WINDOWS\Sun\Java\bin;C:\WINDOWS\system32;C:\WINDOWS;C:\ProgramData\Oracle\Java\javapath;C:\Program Files (x86)\Intel\iCLS Client\;C:\Program Files\Intel\iCLS Client\;C:\Windows\system32;C:\Windows;C:\Windows\System32\Wbem;C:\Windows\System32\WindowsPowerShell\v1.0\;C:\Program Files (x86)\Intel\Intel(R) Management Engine Components\DAL;C:\Program Files\Intel\Intel(R) Management Engine Components\DAL;C:\Program Files (x86)\Intel\Intel(R) Management Engine Components\IPT;C:\Program Files\Intel\Intel(R) Management Engine Components\IPT;C:\Program Files (x86)\NVIDIA Corporation\PhysX\Common;C:\Program Files\Intel\WiFi\bin\;C:\Program Files\Common Files\Intel\WirelessCommon\;C:\Program Files (x86)\Skype\Phone\;C:\Program Files\Git\cmd;C:\Program Files (x86)\QuickTime\QTSystem\;C:\WINDOWS\system32;C:\WINDOWS;C:\WINDOWS\System32\Wbem;C:\WINDOWS\System32\WindowsPowerShell\v1.0\;C:\Program Files\Java\jdk1.8.0_101\bin;C:\Program Files\MySQL\MySQL Utilities 1.6\;C:\Users\Usuario\AppData\Local\Microsoft\WindowsApps;;.
27-Oct-2016 17:05:21.667 INFO [main] org.apache.coyote.AbstractProtocol.init Initializing ProtocolHandler ["http-nio-8080"]
27-Oct-2016 17:05:21.857 INFO [main] org.apache.tomcat.util.net.NioSelectorPool.getSharedSelector Using a shared selector for servlet write/read
27-Oct-2016 17:05:21.859 INFO [main] org.apache.coyote.AbstractProtocol.init Initializing ProtocolHandler ["ajp-nio-8009"]
27-Oct-2016 17:05:21.861 INFO [main] org.apache.tomcat.util.net.NioSelectorPool.getSharedSelector Using a shared selector for servlet write/read
27-Oct-2016 17:05:21.863 INFO [main] org.apache.catalina.startup.Catalina.load Initialization processed in 1097 ms
27-Oct-2016 17:05:21.899 INFO [main] org.apache.catalina.core.StandardService.startInternal Arrancando servicio Catalina
27-Oct-2016 17:05:21.899 INFO [main] org.apache.catalina.core.StandardEngine.startInternal Starting Servlet Engine: Apache Tomcat/9.0.0.M10
27-Oct-2016 17:05:21.924 INFO [localhost-startStop-1] org.apache.catalina.startup.HostConfig.deployWAR Despliegue del archivo C:\projectInteliJ\apache-tomcat-9.0.0.M10\webapps\axis2.war de la aplicación web
27-Oct-2016 17:05:25.090 INFO [localhost-startStop-1] org.apache.jasper.servlet.TldScanner.scanJars Al menos un JAR, que se ha explorado buscando TLDs, aún no contenía TLDs. Activar historial de depuración para este historiador para una completa lista de los JARs que fueron explorados y de los que nos se halló TLDs. Saltarse JARs no necesarios durante la exploración puede dar lugar a una mejora de tiempo significativa en el arranque y compilación de JSP .
27-Oct-2016 17:05:27.234 INFO [localhost-startStop-1] org.apache.catalina.startup.HostConfig.deployWAR Deployment of web application archive C:\projectInteliJ\apache-tomcat-9.0.0.M10\webapps\axis2.war has finished in 5.309 ms
27-Oct-2016 17:05:27.235 INFO [localhost-startStop-1] org.apache.catalina.startup.HostConfig.deployDirectory Despliegue del directorio C:\projectInteliJ\apache-tomcat-9.0.0.M10\webapps\docs de la aplicación web
27-Oct-2016 17:05:27.257 INFO [localhost-startStop-1] org.apache.catalina.startup.HostConfig.deployDirectory Deployment of web application directory C:\projectInteliJ\apache-tomcat-9.0.0.M10\webapps\docs has finished in 22 ms
27-Oct-2016 17:05:27.257 INFO [localhost-startStop-1] org.apache.catalina.startup.HostConfig.deployDirectory Despliegue del directorio C:\projectInteliJ\apache-tomcat-9.0.0.M10\webapps\examples de la aplicación web
27-Oct-2016 17:05:27.927 INFO [localhost-startStop-1] org.apache.catalina.startup.HostConfig.deployDirectory Deployment of web application directory C:\projectInteliJ\apache-tomcat-9.0.0.M10\webapps\examples has finished in 670 ms
27-Oct-2016 17:05:27.927 INFO [localhost-startStop-1] org.apache.catalina.startup.HostConfig.deployDirectory Despliegue del directorio C:\projectInteliJ\apache-tomcat-9.0.0.M10\webapps\host-manager de la aplicación web
27-Oct-2016 17:05:27.959 INFO [localhost-startStop-1] org.apache.catalina.startup.HostConfig.deployDirectory Deployment of web application directory C:\projectInteliJ\apache-tomcat-9.0.0.M10\webapps\host-manager has finished in 32 ms
27-Oct-2016 17:05:27.959 INFO [localhost-startStop-1] org.apache.catalina.startup.HostConfig.deployDirectory Despliegue del directorio C:\projectInteliJ\apache-tomcat-9.0.0.M10\webapps\manager de la aplicación web
27-Oct-2016 17:05:27.988 INFO [localhost-startStop-1] org.apache.catalina.startup.HostConfig.deployDirectory Deployment of web application directory C:\projectInteliJ\apache-tomcat-9.0.0.M10\webapps\manager has finished in 29 ms
27-Oct-2016 17:05:27.988 INFO [localhost-startStop-1] org.apache.catalina.startup.HostConfig.deployDirectory Despliegue del directorio C:\projectInteliJ\apache-tomcat-9.0.0.M10\webapps\ROOT de la aplicación web
27-Oct-2016 17:05:28.011 INFO [localhost-startStop-1] org.apache.catalina.startup.HostConfig.deployDirectory Deployment of web application directory C:\projectInteliJ\apache-tomcat-9.0.0.M10\webapps\ROOT has finished in 23 ms
27-Oct-2016 17:05:28.016 INFO [main] org.apache.coyote.AbstractProtocol.start Starting ProtocolHandler [http-nio-8080]
27-Oct-2016 17:05:28.023 INFO [main] org.apache.coyote.AbstractProtocol.start Starting ProtocolHandler [ajp-nio-8009]
27-Oct-2016 17:05:28.025 INFO [main] org.apache.catalina.startup.Catalina.start Server startup in 6161 ms
