10-Oct-2016 17:12:22.467 INFO [main] org.apache.catalina.startup.VersionLoggerListener.log Server version:        Apache Tomcat/9.0.0.M10
10-Oct-2016 17:12:22.469 INFO [main] org.apache.catalina.startup.VersionLoggerListener.log Server built:          Aug 31 2016 15:00:21 UTC
10-Oct-2016 17:12:22.470 INFO [main] org.apache.catalina.startup.VersionLoggerListener.log Server number:         9.0.0.0
10-Oct-2016 17:12:22.470 INFO [main] org.apache.catalina.startup.VersionLoggerListener.log OS Name:               Windows 10
10-Oct-2016 17:12:22.470 INFO [main] org.apache.catalina.startup.VersionLoggerListener.log OS Version:            10.0
10-Oct-2016 17:12:22.470 INFO [main] org.apache.catalina.startup.VersionLoggerListener.log Architecture:          amd64
10-Oct-2016 17:12:22.471 INFO [main] org.apache.catalina.startup.VersionLoggerListener.log Java Home:             C:\Program Files\Java\jdk1.8.0_101\jre
10-Oct-2016 17:12:22.471 INFO [main] org.apache.catalina.startup.VersionLoggerListener.log JVM Version:           1.8.0_101-b13
10-Oct-2016 17:12:22.471 INFO [main] org.apache.catalina.startup.VersionLoggerListener.log JVM Vendor:            Oracle Corporation
10-Oct-2016 17:12:22.471 INFO [main] org.apache.catalina.startup.VersionLoggerListener.log CATALINA_BASE:         C:\projectInteliJ\apache-tomcat-9.0.0.M10
10-Oct-2016 17:12:22.471 INFO [main] org.apache.catalina.startup.VersionLoggerListener.log CATALINA_HOME:         C:\projectInteliJ\apache-tomcat-9.0.0.M10
10-Oct-2016 17:12:22.472 INFO [main] org.apache.catalina.startup.VersionLoggerListener.log Command line argument: -Djdk.tls.ephemeralDHKeySize=2048
10-Oct-2016 17:12:22.472 INFO [main] org.apache.catalina.startup.VersionLoggerListener.log Command line argument: -Djava.util.logging.config.file=C:\projectInteliJ\apache-tomcat-9.0.0.M10\conf\logging.properties
10-Oct-2016 17:12:22.472 INFO [main] org.apache.catalina.startup.VersionLoggerListener.log Command line argument: -Djava.util.logging.manager=org.apache.juli.ClassLoaderLogManager
10-Oct-2016 17:12:22.472 INFO [main] org.apache.catalina.startup.VersionLoggerListener.log Command line argument: -Dcatalina.base=C:\projectInteliJ\apache-tomcat-9.0.0.M10
10-Oct-2016 17:12:22.472 INFO [main] org.apache.catalina.startup.VersionLoggerListener.log Command line argument: -Dcatalina.home=C:\projectInteliJ\apache-tomcat-9.0.0.M10
10-Oct-2016 17:12:22.472 INFO [main] org.apache.catalina.startup.VersionLoggerListener.log Command line argument: -Djava.io.tmpdir=C:\projectInteliJ\apache-tomcat-9.0.0.M10\temp
10-Oct-2016 17:12:22.474 INFO [main] org.apache.catalina.core.AprLifecycleListener.lifecycleEvent La biblioteca nativa de Apache Tomcat basada en ARP que permite un rendimiento óptimo en entornos de desarrollo no ha sido hallada en java.library.path: C:\Program Files\Java\jdk1.8.0_101\bin;C:\WINDOWS\Sun\Java\bin;C:\WINDOWS\system32;C:\WINDOWS;C:\ProgramData\Oracle\Java\javapath;C:\Program Files (x86)\Intel\iCLS Client\;C:\Program Files\Intel\iCLS Client\;C:\Windows\system32;C:\Windows;C:\Windows\System32\Wbem;C:\Windows\System32\WindowsPowerShell\v1.0\;C:\Program Files (x86)\Intel\Intel(R) Management Engine Components\DAL;C:\Program Files\Intel\Intel(R) Management Engine Components\DAL;C:\Program Files (x86)\Intel\Intel(R) Management Engine Components\IPT;C:\Program Files\Intel\Intel(R) Management Engine Components\IPT;C:\Program Files (x86)\NVIDIA Corporation\PhysX\Common;C:\Program Files\Intel\WiFi\bin\;C:\Program Files\Common Files\Intel\WirelessCommon\;C:\Program Files (x86)\Skype\Phone\;C:\Program Files\Git\cmd;C:\Program Files (x86)\QuickTime\QTSystem\;C:\WINDOWS\system32;C:\WINDOWS;C:\WINDOWS\System32\Wbem;C:\WINDOWS\System32\WindowsPowerShell\v1.0\;C:\Program Files\Java\jdk1.8.0_101\bin;C:\Program Files\MySQL\MySQL Utilities 1.6\;C:\Users\Usuario\AppData\Local\Microsoft\WindowsApps;;.
10-Oct-2016 17:12:22.793 INFO [main] org.apache.coyote.AbstractProtocol.init Initializing ProtocolHandler ["http-nio-8080"]
10-Oct-2016 17:12:22.887 INFO [main] org.apache.tomcat.util.net.NioSelectorPool.getSharedSelector Using a shared selector for servlet write/read
10-Oct-2016 17:12:22.889 INFO [main] org.apache.coyote.AbstractProtocol.init Initializing ProtocolHandler ["ajp-nio-8009"]
10-Oct-2016 17:12:22.891 INFO [main] org.apache.tomcat.util.net.NioSelectorPool.getSharedSelector Using a shared selector for servlet write/read
10-Oct-2016 17:12:22.892 INFO [main] org.apache.catalina.startup.Catalina.load Initialization processed in 718 ms
10-Oct-2016 17:12:22.921 INFO [main] org.apache.catalina.core.StandardService.startInternal Arrancando servicio Catalina
10-Oct-2016 17:12:22.921 INFO [main] org.apache.catalina.core.StandardEngine.startInternal Starting Servlet Engine: Apache Tomcat/9.0.0.M10
10-Oct-2016 17:12:22.945 INFO [localhost-startStop-1] org.apache.catalina.startup.HostConfig.deployWAR Despliegue del archivo C:\projectInteliJ\apache-tomcat-9.0.0.M10\webapps\axis2.war de la aplicación web
10-Oct-2016 17:12:25.963 INFO [localhost-startStop-1] org.apache.jasper.servlet.TldScanner.scanJars Al menos un JAR, que se ha explorado buscando TLDs, aún no contenía TLDs. Activar historial de depuración para este historiador para una completa lista de los JARs que fueron explorados y de los que nos se halló TLDs. Saltarse JARs no necesarios durante la exploración puede dar lugar a una mejora de tiempo significativa en el arranque y compilación de JSP .
10-Oct-2016 17:12:27.848 INFO [localhost-startStop-1] org.apache.catalina.startup.HostConfig.deployWAR Deployment of web application archive C:\projectInteliJ\apache-tomcat-9.0.0.M10\webapps\axis2.war has finished in 4.902 ms
10-Oct-2016 17:12:27.849 INFO [localhost-startStop-1] org.apache.catalina.startup.HostConfig.deployDirectory Despliegue del directorio C:\projectInteliJ\apache-tomcat-9.0.0.M10\webapps\docs de la aplicación web
10-Oct-2016 17:12:27.870 INFO [localhost-startStop-1] org.apache.catalina.startup.HostConfig.deployDirectory Deployment of web application directory C:\projectInteliJ\apache-tomcat-9.0.0.M10\webapps\docs has finished in 21 ms
10-Oct-2016 17:12:27.870 INFO [localhost-startStop-1] org.apache.catalina.startup.HostConfig.deployDirectory Despliegue del directorio C:\projectInteliJ\apache-tomcat-9.0.0.M10\webapps\examples de la aplicación web
10-Oct-2016 17:12:28.586 INFO [localhost-startStop-1] org.apache.catalina.startup.HostConfig.deployDirectory Deployment of web application directory C:\projectInteliJ\apache-tomcat-9.0.0.M10\webapps\examples has finished in 715 ms
10-Oct-2016 17:12:28.586 INFO [localhost-startStop-1] org.apache.catalina.startup.HostConfig.deployDirectory Despliegue del directorio C:\projectInteliJ\apache-tomcat-9.0.0.M10\webapps\host-manager de la aplicación web
10-Oct-2016 17:12:28.614 INFO [localhost-startStop-1] org.apache.catalina.startup.HostConfig.deployDirectory Deployment of web application directory C:\projectInteliJ\apache-tomcat-9.0.0.M10\webapps\host-manager has finished in 28 ms
10-Oct-2016 17:12:28.614 INFO [localhost-startStop-1] org.apache.catalina.startup.HostConfig.deployDirectory Despliegue del directorio C:\projectInteliJ\apache-tomcat-9.0.0.M10\webapps\manager de la aplicación web
10-Oct-2016 17:12:28.642 INFO [localhost-startStop-1] org.apache.catalina.startup.HostConfig.deployDirectory Deployment of web application directory C:\projectInteliJ\apache-tomcat-9.0.0.M10\webapps\manager has finished in 28 ms
10-Oct-2016 17:12:28.643 INFO [localhost-startStop-1] org.apache.catalina.startup.HostConfig.deployDirectory Despliegue del directorio C:\projectInteliJ\apache-tomcat-9.0.0.M10\webapps\ROOT de la aplicación web
10-Oct-2016 17:12:28.665 INFO [localhost-startStop-1] org.apache.catalina.startup.HostConfig.deployDirectory Deployment of web application directory C:\projectInteliJ\apache-tomcat-9.0.0.M10\webapps\ROOT has finished in 21 ms
10-Oct-2016 17:12:28.673 INFO [main] org.apache.coyote.AbstractProtocol.start Starting ProtocolHandler [http-nio-8080]
10-Oct-2016 17:12:28.678 INFO [main] org.apache.coyote.AbstractProtocol.start Starting ProtocolHandler [ajp-nio-8009]
10-Oct-2016 17:12:28.680 INFO [main] org.apache.catalina.startup.Catalina.start Server startup in 5787 ms
10-Oct-2016 17:20:12.115 INFO [main] org.apache.catalina.startup.VersionLoggerListener.log Server version:        Apache Tomcat/9.0.0.M10
10-Oct-2016 17:20:12.116 INFO [main] org.apache.catalina.startup.VersionLoggerListener.log Server built:          Aug 31 2016 15:00:21 UTC
10-Oct-2016 17:20:12.117 INFO [main] org.apache.catalina.startup.VersionLoggerListener.log Server number:         9.0.0.0
10-Oct-2016 17:20:12.117 INFO [main] org.apache.catalina.startup.VersionLoggerListener.log OS Name:               Windows 10
10-Oct-2016 17:20:12.117 INFO [main] org.apache.catalina.startup.VersionLoggerListener.log OS Version:            10.0
10-Oct-2016 17:20:12.118 INFO [main] org.apache.catalina.startup.VersionLoggerListener.log Architecture:          amd64
10-Oct-2016 17:20:12.118 INFO [main] org.apache.catalina.startup.VersionLoggerListener.log Java Home:             C:\Program Files\Java\jdk1.8.0_101\jre
10-Oct-2016 17:20:12.118 INFO [main] org.apache.catalina.startup.VersionLoggerListener.log JVM Version:           1.8.0_101-b13
10-Oct-2016 17:20:12.118 INFO [main] org.apache.catalina.startup.VersionLoggerListener.log JVM Vendor:            Oracle Corporation
10-Oct-2016 17:20:12.118 INFO [main] org.apache.catalina.startup.VersionLoggerListener.log CATALINA_BASE:         C:\projectInteliJ\apache-tomcat-9.0.0.M10
10-Oct-2016 17:20:12.118 INFO [main] org.apache.catalina.startup.VersionLoggerListener.log CATALINA_HOME:         C:\projectInteliJ\apache-tomcat-9.0.0.M10
10-Oct-2016 17:20:12.118 INFO [main] org.apache.catalina.startup.VersionLoggerListener.log Command line argument: -Djdk.tls.ephemeralDHKeySize=2048
10-Oct-2016 17:20:12.119 INFO [main] org.apache.catalina.startup.VersionLoggerListener.log Command line argument: -Djava.util.logging.config.file=C:\projectInteliJ\apache-tomcat-9.0.0.M10\conf\logging.properties
10-Oct-2016 17:20:12.119 INFO [main] org.apache.catalina.startup.VersionLoggerListener.log Command line argument: -Djava.util.logging.manager=org.apache.juli.ClassLoaderLogManager
10-Oct-2016 17:20:12.119 INFO [main] org.apache.catalina.startup.VersionLoggerListener.log Command line argument: -Dcatalina.base=C:\projectInteliJ\apache-tomcat-9.0.0.M10
10-Oct-2016 17:20:12.119 INFO [main] org.apache.catalina.startup.VersionLoggerListener.log Command line argument: -Dcatalina.home=C:\projectInteliJ\apache-tomcat-9.0.0.M10
10-Oct-2016 17:20:12.119 INFO [main] org.apache.catalina.startup.VersionLoggerListener.log Command line argument: -Djava.io.tmpdir=C:\projectInteliJ\apache-tomcat-9.0.0.M10\temp
10-Oct-2016 17:20:12.120 INFO [main] org.apache.catalina.core.AprLifecycleListener.lifecycleEvent La biblioteca nativa de Apache Tomcat basada en ARP que permite un rendimiento óptimo en entornos de desarrollo no ha sido hallada en java.library.path: C:\Program Files\Java\jdk1.8.0_101\bin;C:\WINDOWS\Sun\Java\bin;C:\WINDOWS\system32;C:\WINDOWS;C:\ProgramData\Oracle\Java\javapath;C:\Program Files (x86)\Intel\iCLS Client\;C:\Program Files\Intel\iCLS Client\;C:\Windows\system32;C:\Windows;C:\Windows\System32\Wbem;C:\Windows\System32\WindowsPowerShell\v1.0\;C:\Program Files (x86)\Intel\Intel(R) Management Engine Components\DAL;C:\Program Files\Intel\Intel(R) Management Engine Components\DAL;C:\Program Files (x86)\Intel\Intel(R) Management Engine Components\IPT;C:\Program Files\Intel\Intel(R) Management Engine Components\IPT;C:\Program Files (x86)\NVIDIA Corporation\PhysX\Common;C:\Program Files\Intel\WiFi\bin\;C:\Program Files\Common Files\Intel\WirelessCommon\;C:\Program Files (x86)\Skype\Phone\;C:\Program Files\Git\cmd;C:\Program Files (x86)\QuickTime\QTSystem\;C:\WINDOWS\system32;C:\WINDOWS;C:\WINDOWS\System32\Wbem;C:\WINDOWS\System32\WindowsPowerShell\v1.0\;C:\Program Files\Java\jdk1.8.0_101\bin;C:\Program Files\MySQL\MySQL Utilities 1.6\;C:\Users\Usuario\AppData\Local\Microsoft\WindowsApps;;.
10-Oct-2016 17:20:12.217 INFO [main] org.apache.coyote.AbstractProtocol.init Initializing ProtocolHandler ["http-nio-8080"]
10-Oct-2016 17:20:12.309 INFO [main] org.apache.tomcat.util.net.NioSelectorPool.getSharedSelector Using a shared selector for servlet write/read
10-Oct-2016 17:20:12.311 INFO [main] org.apache.coyote.AbstractProtocol.init Initializing ProtocolHandler ["ajp-nio-8009"]
10-Oct-2016 17:20:12.313 INFO [main] org.apache.tomcat.util.net.NioSelectorPool.getSharedSelector Using a shared selector for servlet write/read
10-Oct-2016 17:20:12.313 INFO [main] org.apache.catalina.startup.Catalina.load Initialization processed in 470 ms
10-Oct-2016 17:20:12.330 INFO [main] org.apache.catalina.core.StandardService.startInternal Arrancando servicio Catalina
10-Oct-2016 17:20:12.330 INFO [main] org.apache.catalina.core.StandardEngine.startInternal Starting Servlet Engine: Apache Tomcat/9.0.0.M10
10-Oct-2016 17:20:12.348 INFO [localhost-startStop-1] org.apache.catalina.startup.HostConfig.deployWAR Despliegue del archivo C:\projectInteliJ\apache-tomcat-9.0.0.M10\webapps\axis2.war de la aplicación web
10-Oct-2016 17:20:14.086 INFO [localhost-startStop-1] org.apache.jasper.servlet.TldScanner.scanJars Al menos un JAR, que se ha explorado buscando TLDs, aún no contenía TLDs. Activar historial de depuración para este historiador para una completa lista de los JARs que fueron explorados y de los que nos se halló TLDs. Saltarse JARs no necesarios durante la exploración puede dar lugar a una mejora de tiempo significativa en el arranque y compilación de JSP .
10-Oct-2016 17:20:15.480 INFO [localhost-startStop-1] org.apache.catalina.startup.HostConfig.deployWAR Deployment of web application archive C:\projectInteliJ\apache-tomcat-9.0.0.M10\webapps\axis2.war has finished in 3.131 ms
10-Oct-2016 17:20:15.481 INFO [localhost-startStop-1] org.apache.catalina.startup.HostConfig.deployDirectory Despliegue del directorio C:\projectInteliJ\apache-tomcat-9.0.0.M10\webapps\docs de la aplicación web
10-Oct-2016 17:20:15.495 INFO [localhost-startStop-1] org.apache.catalina.startup.HostConfig.deployDirectory Deployment of web application directory C:\projectInteliJ\apache-tomcat-9.0.0.M10\webapps\docs has finished in 14 ms
10-Oct-2016 17:20:15.495 INFO [localhost-startStop-1] org.apache.catalina.startup.HostConfig.deployDirectory Despliegue del directorio C:\projectInteliJ\apache-tomcat-9.0.0.M10\webapps\examples de la aplicación web
10-Oct-2016 17:20:15.714 INFO [localhost-startStop-1] org.apache.catalina.startup.HostConfig.deployDirectory Deployment of web application directory C:\projectInteliJ\apache-tomcat-9.0.0.M10\webapps\examples has finished in 218 ms
10-Oct-2016 17:20:15.714 INFO [localhost-startStop-1] org.apache.catalina.startup.HostConfig.deployDirectory Despliegue del directorio C:\projectInteliJ\apache-tomcat-9.0.0.M10\webapps\host-manager de la aplicación web
10-Oct-2016 17:20:15.740 INFO [localhost-startStop-1] org.apache.catalina.startup.HostConfig.deployDirectory Deployment of web application directory C:\projectInteliJ\apache-tomcat-9.0.0.M10\webapps\host-manager has finished in 26 ms
10-Oct-2016 17:20:15.740 INFO [localhost-startStop-1] org.apache.catalina.startup.HostConfig.deployDirectory Despliegue del directorio C:\projectInteliJ\apache-tomcat-9.0.0.M10\webapps\manager de la aplicación web
10-Oct-2016 17:20:15.763 INFO [localhost-startStop-1] org.apache.catalina.startup.HostConfig.deployDirectory Deployment of web application directory C:\projectInteliJ\apache-tomcat-9.0.0.M10\webapps\manager has finished in 23 ms
10-Oct-2016 17:20:15.764 INFO [localhost-startStop-1] org.apache.catalina.startup.HostConfig.deployDirectory Despliegue del directorio C:\projectInteliJ\apache-tomcat-9.0.0.M10\webapps\ROOT de la aplicación web
10-Oct-2016 17:20:15.780 INFO [localhost-startStop-1] org.apache.catalina.startup.HostConfig.deployDirectory Deployment of web application directory C:\projectInteliJ\apache-tomcat-9.0.0.M10\webapps\ROOT has finished in 16 ms
10-Oct-2016 17:20:15.784 INFO [main] org.apache.coyote.AbstractProtocol.start Starting ProtocolHandler [http-nio-8080]
10-Oct-2016 17:20:15.790 INFO [main] org.apache.coyote.AbstractProtocol.start Starting ProtocolHandler [ajp-nio-8009]
10-Oct-2016 17:20:15.792 INFO [main] org.apache.catalina.startup.Catalina.start Server startup in 3477 ms
