17-Oct-2016 17:58:31.210 INFO [main] org.apache.catalina.startup.VersionLoggerListener.log Server version:        Apache Tomcat/9.0.0.M10
17-Oct-2016 17:58:31.212 INFO [main] org.apache.catalina.startup.VersionLoggerListener.log Server built:          Aug 31 2016 15:00:21 UTC
17-Oct-2016 17:58:31.212 INFO [main] org.apache.catalina.startup.VersionLoggerListener.log Server number:         9.0.0.0
17-Oct-2016 17:58:31.212 INFO [main] org.apache.catalina.startup.VersionLoggerListener.log OS Name:               Windows 10
17-Oct-2016 17:58:31.212 INFO [main] org.apache.catalina.startup.VersionLoggerListener.log OS Version:            10.0
17-Oct-2016 17:58:31.212 INFO [main] org.apache.catalina.startup.VersionLoggerListener.log Architecture:          amd64
17-Oct-2016 17:58:31.215 INFO [main] org.apache.catalina.startup.VersionLoggerListener.log Java Home:             C:\Program Files\Java\jdk1.8.0_101\jre
17-Oct-2016 17:58:31.215 INFO [main] org.apache.catalina.startup.VersionLoggerListener.log JVM Version:           1.8.0_101-b13
17-Oct-2016 17:58:31.215 INFO [main] org.apache.catalina.startup.VersionLoggerListener.log JVM Vendor:            Oracle Corporation
17-Oct-2016 17:58:31.215 INFO [main] org.apache.catalina.startup.VersionLoggerListener.log CATALINA_BASE:         C:\projectInteliJ\apache-tomcat-9.0.0.M10
17-Oct-2016 17:58:31.215 INFO [main] org.apache.catalina.startup.VersionLoggerListener.log CATALINA_HOME:         C:\projectInteliJ\apache-tomcat-9.0.0.M10
17-Oct-2016 17:58:31.215 INFO [main] org.apache.catalina.startup.VersionLoggerListener.log Command line argument: -Djava.util.logging.config.file=C:/projectInteliJ/apache-tomcat-9.0.0.M10/conf/logging.properties
17-Oct-2016 17:58:31.215 INFO [main] org.apache.catalina.startup.VersionLoggerListener.log Command line argument: -Djava.util.logging.manager=org.apache.juli.ClassLoaderLogManager
17-Oct-2016 17:58:31.215 INFO [main] org.apache.catalina.startup.VersionLoggerListener.log Command line argument: -Djdk.tls.ephemeralDHKeySize=2048
17-Oct-2016 17:58:31.216 INFO [main] org.apache.catalina.startup.VersionLoggerListener.log Command line argument: -Dcatalina.base=C:/projectInteliJ/apache-tomcat-9.0.0.M10
17-Oct-2016 17:58:31.216 INFO [main] org.apache.catalina.startup.VersionLoggerListener.log Command line argument: -Dcatalina.home=C:/projectInteliJ/apache-tomcat-9.0.0.M10
17-Oct-2016 17:58:31.216 INFO [main] org.apache.catalina.startup.VersionLoggerListener.log Command line argument: -Djava.io.tmpdir=C:/projectInteliJ/apache-tomcat-9.0.0.M10/temp
17-Oct-2016 17:58:31.216 INFO [main] org.apache.catalina.core.AprLifecycleListener.lifecycleEvent La biblioteca nativa de Apache Tomcat basada en ARP que permite un rendimiento óptimo en entornos de desarrollo no ha sido hallada en java.library.path: C:\Program Files\Java\jdk1.8.0_101\bin;C:\WINDOWS\Sun\Java\bin;C:\WINDOWS\system32;C:\WINDOWS;C:\Users\Usuario\bin;C:\Program Files\Git\mingw64\bin;C:\Program Files\Git\usr\local\bin;C:\Program Files\Git\usr\bin;C:\Program Files\Git\usr\bin;C:\Program Files\Git\mingw64\bin;C:\Program Files\Git\usr\bin;C:\Users\Usuario\bin;C:\ProgramData\Oracle\Java\javapath;C:\Program Files (x86)\Intel\iCLS Client;C:\Program Files\Intel\iCLS Client;C:\Windows\system32;C:\Windows;C:\Windows\System32\Wbem;C:\Windows\System32\WindowsPowerShell\v1.0;C:\Program Files (x86)\Intel\Intel(R) Management Engine Components\DAL;C:\Program Files\Intel\Intel(R) Management Engine Components\DAL;C:\Program Files (x86)\Intel\Intel(R) Management Engine Components\IPT;C:\Program Files\Intel\Intel(R) Management Engine Components\IPT;C:\Program Files (x86)\NVIDIA Corporation\PhysX\Common;C:\Program Files\Intel\WiFi\bin;C:\Program Files\Common Files\Intel\WirelessCommon;C:\Program Files (x86)\Skype\Phone;C:\Program Files\Git\cmd;C:\Program Files (x86)\QuickTime\QTSystem;C:\WINDOWS\system32;C:\WINDOWS;C:\WINDOWS\System32\Wbem;C:\WINDOWS\System32\WindowsPowerShell\v1.0;C:\Program Files\Java\jdk1.8.0_101\bin;C:\Program Files\MySQL\MySQL Utilities 1.6;C:\Users\Usuario\AppData\Local\Microsoft\WindowsApps;C:\Program Files\Git\usr\bin\vendor_perl;C:\Program Files\Git\usr\bin\core_perl;.
17-Oct-2016 17:58:31.308 INFO [main] org.apache.coyote.AbstractProtocol.init Initializing ProtocolHandler ["http-nio-8080"]
17-Oct-2016 17:58:31.401 INFO [main] org.apache.tomcat.util.net.NioSelectorPool.getSharedSelector Using a shared selector for servlet write/read
17-Oct-2016 17:58:31.403 INFO [main] org.apache.coyote.AbstractProtocol.init Initializing ProtocolHandler ["ajp-nio-8009"]
17-Oct-2016 17:58:31.405 INFO [main] org.apache.tomcat.util.net.NioSelectorPool.getSharedSelector Using a shared selector for servlet write/read
17-Oct-2016 17:58:31.405 INFO [main] org.apache.catalina.startup.Catalina.load Initialization processed in 481 ms
17-Oct-2016 17:58:31.422 INFO [main] org.apache.catalina.core.StandardService.startInternal Arrancando servicio Catalina
17-Oct-2016 17:58:31.422 INFO [main] org.apache.catalina.core.StandardEngine.startInternal Starting Servlet Engine: Apache Tomcat/9.0.0.M10
17-Oct-2016 17:58:31.438 INFO [localhost-startStop-1] org.apache.catalina.startup.HostConfig.deployWAR Despliegue del archivo C:\projectInteliJ\apache-tomcat-9.0.0.M10\webapps\axis2.war de la aplicación web
17-Oct-2016 17:58:33.179 INFO [localhost-startStop-1] org.apache.jasper.servlet.TldScanner.scanJars Al menos un JAR, que se ha explorado buscando TLDs, aún no contenía TLDs. Activar historial de depuración para este historiador para una completa lista de los JARs que fueron explorados y de los que nos se halló TLDs. Saltarse JARs no necesarios durante la exploración puede dar lugar a una mejora de tiempo significativa en el arranque y compilación de JSP .
[INFO] Clustering has been disabled
[INFO] Deploying module: addressing-1.7.3 - file:/C:/projectInteliJ/apache-tomcat-9.0.0.M10/webapps/axis2/WEB-INF/modules/addressing-1.7.3.mar
[INFO] Deploying module: jaxws-1.7.3 - file:/C:/projectInteliJ/apache-tomcat-9.0.0.M10/webapps/axis2/WEB-INF/modules/axis2-jaxws-mar-1.7.3.mar
[INFO] Deploying module: metadataExchange-1.7.3 - file:/C:/projectInteliJ/apache-tomcat-9.0.0.M10/webapps/axis2/WEB-INF/modules/mex-1.7.3.mar
[INFO] Deploying module: mtompolicy-1.7.3 - file:/C:/projectInteliJ/apache-tomcat-9.0.0.M10/webapps/axis2/WEB-INF/modules/mtompolicy-1.7.3.mar
[INFO] Deploying module: ping-1.7.3 - file:/C:/projectInteliJ/apache-tomcat-9.0.0.M10/webapps/axis2/WEB-INF/modules/ping-1.7.3.mar
[INFO] Deploying module: script-1.7.3 - file:/C:/projectInteliJ/apache-tomcat-9.0.0.M10/webapps/axis2/WEB-INF/modules/scripting-1.7.3.mar
[INFO] Deploying module: soapmonitor-1.7.3 - file:/C:/projectInteliJ/apache-tomcat-9.0.0.M10/webapps/axis2/WEB-INF/modules/soapmonitor-1.7.3.mar
[INFO] Deploying Web service: ServicioPrueba.aar - file:/C:/projectInteliJ/apache-tomcat-9.0.0.M10/webapps/axis2/WEB-INF/services/ServicioPrueba.aar
[INFO] Deploying Web service: version-1.7.3.aar - file:/C:/projectInteliJ/apache-tomcat-9.0.0.M10/webapps/axis2/WEB-INF/services/version-1.7.3.aar
17-Oct-2016 17:58:34.469 INFO [localhost-startStop-1] org.apache.catalina.startup.HostConfig.deployWAR Deployment of web application archive C:\projectInteliJ\apache-tomcat-9.0.0.M10\webapps\axis2.war has finished in 3.030 ms
17-Oct-2016 17:58:34.470 INFO [localhost-startStop-1] org.apache.catalina.startup.HostConfig.deployDirectory Despliegue del directorio C:\projectInteliJ\apache-tomcat-9.0.0.M10\webapps\docs de la aplicación web
17-Oct-2016 17:58:34.482 INFO [localhost-startStop-1] org.apache.catalina.startup.HostConfig.deployDirectory Deployment of web application directory C:\projectInteliJ\apache-tomcat-9.0.0.M10\webapps\docs has finished in 12 ms
17-Oct-2016 17:58:34.482 INFO [localhost-startStop-1] org.apache.catalina.startup.HostConfig.deployDirectory Despliegue del directorio C:\projectInteliJ\apache-tomcat-9.0.0.M10\webapps\examples de la aplicación web
17-Oct-2016 17:58:34.717 INFO [localhost-startStop-1] org.apache.catalina.startup.HostConfig.deployDirectory Deployment of web application directory C:\projectInteliJ\apache-tomcat-9.0.0.M10\webapps\examples has finished in 235 ms
17-Oct-2016 17:58:34.718 INFO [localhost-startStop-1] org.apache.catalina.startup.HostConfig.deployDirectory Despliegue del directorio C:\projectInteliJ\apache-tomcat-9.0.0.M10\webapps\host-manager de la aplicación web
17-Oct-2016 17:58:34.748 INFO [localhost-startStop-1] org.apache.catalina.startup.HostConfig.deployDirectory Deployment of web application directory C:\projectInteliJ\apache-tomcat-9.0.0.M10\webapps\host-manager has finished in 29 ms
17-Oct-2016 17:58:34.748 INFO [localhost-startStop-1] org.apache.catalina.startup.HostConfig.deployDirectory Despliegue del directorio C:\projectInteliJ\apache-tomcat-9.0.0.M10\webapps\manager de la aplicación web
17-Oct-2016 17:58:34.771 INFO [localhost-startStop-1] org.apache.catalina.startup.HostConfig.deployDirectory Deployment of web application directory C:\projectInteliJ\apache-tomcat-9.0.0.M10\webapps\manager has finished in 23 ms
17-Oct-2016 17:58:34.771 INFO [localhost-startStop-1] org.apache.catalina.startup.HostConfig.deployDirectory Despliegue del directorio C:\projectInteliJ\apache-tomcat-9.0.0.M10\webapps\ROOT de la aplicación web
17-Oct-2016 17:58:34.789 INFO [localhost-startStop-1] org.apache.catalina.startup.HostConfig.deployDirectory Deployment of web application directory C:\projectInteliJ\apache-tomcat-9.0.0.M10\webapps\ROOT has finished in 18 ms
17-Oct-2016 17:58:34.792 INFO [main] org.apache.coyote.AbstractProtocol.start Starting ProtocolHandler [http-nio-8080]
17-Oct-2016 17:58:34.802 INFO [main] org.apache.coyote.AbstractProtocol.start Starting ProtocolHandler [ajp-nio-8009]
17-Oct-2016 17:58:34.804 INFO [main] org.apache.catalina.startup.Catalina.start Server startup in 3398 ms
